2025-04-04 11:10:52.106580 - Received CBT.V508.FILE526.PDS from FILE526.XMI 
2025-04-04 11:10:52.107608 - Found $$$#DATE.txt (text/plain) in CBT.V508.FILE526.PDS, moved to PDS/$$$#DATE
2025-04-04 11:10:52.107756 - Found $$NOTE01.eml (message/rfc822) in CBT.V508.FILE526.PDS, moved to PDS/$$NOTE01
2025-04-04 11:10:52.107901 - Found $$NOTE02.txt (text/plain) in CBT.V508.FILE526.PDS, moved to PDS/$$NOTE02
2025-04-04 11:10:52.108071 - Found $CMDSDOC.docx (application/vnd.openxmlformats-officedocument.wordprocessingml.document) in CBT.V508.FILE526.PDS, moved to docs/$CMDSDOC.docx
2025-04-04 11:10:52.108217 - Found $CMDSDOL.doc (application/msword) in CBT.V508.FILE526.PDS, moved to docs/$CMDSDOL.doc
2025-04-04 11:10:52.108355 - Found $INSTDOL.doc (application/msword) in CBT.V508.FILE526.PDS, moved to docs/$INSTDOL.doc
2025-04-04 11:10:52.108489 - Found $INSTDO1.doc (application/msword) in CBT.V508.FILE526.PDS, moved to docs/$INSTDO1.doc
2025-04-04 11:10:52.108618 - Found $INSTDO2.doc (application/msword) in CBT.V508.FILE526.PDS, moved to docs/$INSTDO2.doc
2025-04-04 11:10:52.108757 - Found @FILE526.txt (text/plain) in CBT.V508.FILE526.PDS, moved to PDS/@FILE526
2025-04-04 11:10:52.108900 - Found HELP.xmi (application/xmit) in CBT.V508.FILE526.PDS, moved to PDS/HELP.xmi
2025-04-04 11:10:52.716343 - Received SYS3.SPI.HELP from HELP.xmi 
2025-04-04 11:10:52.718053 - Found TSA001I.txt (text/plain) in SYS3.SPI.HELP, moved to HELP/TSA001I
2025-04-04 11:10:52.718203 - Found TSA002I.txt (text/plain) in SYS3.SPI.HELP, moved to HELP/TSA002I
2025-04-04 11:10:52.718338 - Found TSA003E.txt (text/plain) in SYS3.SPI.HELP, moved to HELP/TSA003E
2025-04-04 11:10:52.718477 - Found TSA004E.txt (text/plain) in SYS3.SPI.HELP, moved to HELP/TSA004E
2025-04-04 11:10:52.718601 - Found TSA005E.txt (text/plain) in SYS3.SPI.HELP, moved to HELP/TSA005E
2025-04-04 11:10:52.718722 - Found TSA006I.txt (text/plain) in SYS3.SPI.HELP, moved to HELP/TSA006I
2025-04-04 11:10:52.718844 - Found TSA026W.txt (text/plain) in SYS3.SPI.HELP, moved to HELP/TSA026W
2025-04-04 11:10:52.718971 - Found TSA027W.txt (text/plain) in SYS3.SPI.HELP, moved to HELP/TSA027W
2025-04-04 11:10:52.719095 - Found TSA028I.txt (text/plain) in SYS3.SPI.HELP, moved to HELP/TSA028I
2025-04-04 11:10:52.719216 - Found TSA029I.txt (text/plain) in SYS3.SPI.HELP, moved to HELP/TSA029I
2025-04-04 11:10:52.719342 - Found TSA030I.txt (text/plain) in SYS3.SPI.HELP, moved to HELP/TSA030I
2025-04-04 11:10:52.719459 - Found TSA031I.txt (text/plain) in SYS3.SPI.HELP, moved to HELP/TSA031I
2025-04-04 11:10:52.719579 - Found TSA032E.txt (text/plain) in SYS3.SPI.HELP, moved to HELP/TSA032E
2025-04-04 11:10:52.719702 - Found TSA033E.txt (text/plain) in SYS3.SPI.HELP, moved to HELP/TSA033E
2025-04-04 11:10:52.719826 - Found TSA034I.txt (text/plain) in SYS3.SPI.HELP, moved to HELP/TSA034I
2025-04-04 11:10:52.719942 - Found TSA035I.txt (text/plain) in SYS3.SPI.HELP, moved to HELP/TSA035I
2025-04-04 11:10:52.720067 - Found TSA036I.txt (text/plain) in SYS3.SPI.HELP, moved to HELP/TSA036I
2025-04-04 11:10:52.720202 - Found TSA037E.txt (text/plain) in SYS3.SPI.HELP, moved to HELP/TSA037E
2025-04-04 11:10:52.720336 - Found TSA038E.txt (text/plain) in SYS3.SPI.HELP, moved to HELP/TSA038E
2025-04-04 11:10:52.720457 - Found TSA039I.txt (text/plain) in SYS3.SPI.HELP, moved to HELP/TSA039I
2025-04-04 11:10:52.720578 - Found TSA040I.txt (text/plain) in SYS3.SPI.HELP, moved to HELP/TSA040I
2025-04-04 11:10:52.720715 - Found TSA041E.txt (text/plain) in SYS3.SPI.HELP, moved to HELP/TSA041E
2025-04-04 11:10:52.720846 - Found TSA042I.txt (text/plain) in SYS3.SPI.HELP, moved to HELP/TSA042I
2025-04-04 11:10:52.721171 - Found TSA043I.txt (text/plain) in SYS3.SPI.HELP, moved to HELP/TSA043I
2025-04-04 11:10:52.721338 - Found TSA044I.txt (text/plain) in SYS3.SPI.HELP, moved to HELP/TSA044I
2025-04-04 11:10:52.721480 - Found TSA045E.txt (text/plain) in SYS3.SPI.HELP, moved to HELP/TSA045E
2025-04-04 11:10:52.721618 - Found TSA046I.txt (text/plain) in SYS3.SPI.HELP, moved to HELP/TSA046I
2025-04-04 11:10:52.721743 - Found TSA047E.txt (text/plain) in SYS3.SPI.HELP, moved to HELP/TSA047E
2025-04-04 11:10:52.721875 - Found TSA048E.txt (text/plain) in SYS3.SPI.HELP, moved to HELP/TSA048E
2025-04-04 11:10:52.722004 - Found TSA049E.txt (text/plain) in SYS3.SPI.HELP, moved to HELP/TSA049E
2025-04-04 11:10:52.722123 - Found TSA050I.txt (text/plain) in SYS3.SPI.HELP, moved to HELP/TSA050I
2025-04-04 11:10:52.722246 - Found TSA051W.txt (text/plain) in SYS3.SPI.HELP, moved to HELP/TSA051W
2025-04-04 11:10:52.722378 - Found TSA052I.txt (text/plain) in SYS3.SPI.HELP, moved to HELP/TSA052I
2025-04-04 11:10:52.722514 - Found TSA053E.txt (text/plain) in SYS3.SPI.HELP, moved to HELP/TSA053E
2025-04-04 11:10:52.722642 - Found TSA054I.txt (text/plain) in SYS3.SPI.HELP, moved to HELP/TSA054I
2025-04-04 11:10:52.722776 - Found TSA101D.txt (text/plain) in SYS3.SPI.HELP, moved to HELP/TSA101D
2025-04-04 11:10:52.722905 - Found TSA102E.txt (text/plain) in SYS3.SPI.HELP, moved to HELP/TSA102E
2025-04-04 11:10:52.723022 - Found TSA103I.txt (text/plain) in SYS3.SPI.HELP, moved to HELP/TSA103I
2025-04-04 11:10:52.723146 - Found TSA104E.txt (text/plain) in SYS3.SPI.HELP, moved to HELP/TSA104E
2025-04-04 11:10:52.723281 - Found TSA105E.txt (text/plain) in SYS3.SPI.HELP, moved to HELP/TSA105E
2025-04-04 11:10:52.723400 - Found TSA106E.txt (text/plain) in SYS3.SPI.HELP, moved to HELP/TSA106E
2025-04-04 11:10:52.723517 - Found TSA107I.txt (text/plain) in SYS3.SPI.HELP, moved to HELP/TSA107I
2025-04-04 11:10:52.723638 - Found TSA108E.txt (text/plain) in SYS3.SPI.HELP, moved to HELP/TSA108E
2025-04-04 11:10:52.723757 - Found TSA109I.txt (text/plain) in SYS3.SPI.HELP, moved to HELP/TSA109I
2025-04-04 11:10:52.723871 - Found TSA200E.txt (text/plain) in SYS3.SPI.HELP, moved to HELP/TSA200E
2025-04-04 11:10:52.723986 - Found TSA201E.txt (text/plain) in SYS3.SPI.HELP, moved to HELP/TSA201E
2025-04-04 11:10:52.724101 - Found TSA202E.txt (text/plain) in SYS3.SPI.HELP, moved to HELP/TSA202E
2025-04-04 11:10:52.724213 - Found TSA211E.txt (text/plain) in SYS3.SPI.HELP, moved to HELP/TSA211E
2025-04-04 11:10:52.724341 - Found TSA221E.txt (text/plain) in SYS3.SPI.HELP, moved to HELP/TSA221E
2025-04-04 11:10:52.724462 - Found TSA222E.txt (text/plain) in SYS3.SPI.HELP, moved to HELP/TSA222E
2025-04-04 11:10:52.724736 - Found TSA223I.txt (text/plain) in SYS3.SPI.HELP, moved to HELP/TSA223I
2025-04-04 11:10:52.724849 - Found TSA236E.txt (text/plain) in SYS3.SPI.HELP, moved to HELP/TSA236E
2025-04-04 11:10:52.724962 - Found TSA237I.txt (text/plain) in SYS3.SPI.HELP, moved to HELP/TSA237I
2025-04-04 11:10:52.725077 - Found TSA241W.txt (text/plain) in SYS3.SPI.HELP, moved to HELP/TSA241W
2025-04-04 11:10:52.725196 - Found TSA242W.txt (text/plain) in SYS3.SPI.HELP, moved to HELP/TSA242W
2025-04-04 11:10:52.725310 - Found TSA243E.txt (text/plain) in SYS3.SPI.HELP, moved to HELP/TSA243E
2025-04-04 11:10:52.725447 - Found TSA244I.txt (text/plain) in SYS3.SPI.HELP, moved to HELP/TSA244I
2025-04-04 11:10:52.725564 - Found TSA245I.txt (text/plain) in SYS3.SPI.HELP, moved to HELP/TSA245I
2025-04-04 11:10:52.725698 - Found TSA246E.txt (text/plain) in SYS3.SPI.HELP, moved to HELP/TSA246E
2025-04-04 11:10:52.725813 - Found TSA251E.txt (text/plain) in SYS3.SPI.HELP, moved to HELP/TSA251E
2025-04-04 11:10:52.725926 - Found TSA252E.txt (text/plain) in SYS3.SPI.HELP, moved to HELP/TSA252E
2025-04-04 11:10:52.726039 - Found TSA253E.txt (text/plain) in SYS3.SPI.HELP, moved to HELP/TSA253E
2025-04-04 11:10:52.726154 - Found TSA254I.txt (text/plain) in SYS3.SPI.HELP, moved to HELP/TSA254I
2025-04-04 11:10:52.726267 - Found TSA501E.txt (text/plain) in SYS3.SPI.HELP, moved to HELP/TSA501E
2025-04-04 11:10:52.726381 - Found TSA502I.txt (text/plain) in SYS3.SPI.HELP, moved to HELP/TSA502I
2025-04-04 11:10:52.726499 - Found TSA503I.txt (text/plain) in SYS3.SPI.HELP, moved to HELP/TSA503I
2025-04-04 11:10:52.726631 - Found TSA504I.txt (text/plain) in SYS3.SPI.HELP, moved to HELP/TSA504I
2025-04-04 11:10:52.726745 - Found TSA505I.txt (text/plain) in SYS3.SPI.HELP, moved to HELP/TSA505I
2025-04-04 11:10:52.726868 - Found TSA506W.txt (text/plain) in SYS3.SPI.HELP, moved to HELP/TSA506W
2025-04-04 11:10:52.726981 - Found TSA507E.txt (text/plain) in SYS3.SPI.HELP, moved to HELP/TSA507E
2025-04-04 11:10:52.727096 - Found TSA508E.txt (text/plain) in SYS3.SPI.HELP, moved to HELP/TSA508E
2025-04-04 11:10:52.727221 - Found TSA509E.txt (text/plain) in SYS3.SPI.HELP, moved to HELP/TSA509E
2025-04-04 11:10:52.727345 - Found TSA510E.txt (text/plain) in SYS3.SPI.HELP, moved to HELP/TSA510E
2025-04-04 11:10:52.727455 - Found TSA511I.txt (text/plain) in SYS3.SPI.HELP, moved to HELP/TSA511I
2025-04-04 11:10:52.727578 - Found TSA512E.txt (text/plain) in SYS3.SPI.HELP, moved to HELP/TSA512E
2025-04-04 11:10:52.727694 - Found TSA513I.txt (text/plain) in SYS3.SPI.HELP, moved to HELP/TSA513I
2025-04-04 11:10:52.727817 - Found TSA514I.txt (text/plain) in SYS3.SPI.HELP, moved to HELP/TSA514I
2025-04-04 11:10:52.727935 - Found TSA515W.txt (text/plain) in SYS3.SPI.HELP, moved to HELP/TSA515W
2025-04-04 11:10:52.728049 - Found TSA516E.txt (text/plain) in SYS3.SPI.HELP, moved to HELP/TSA516E
2025-04-04 11:10:52.728164 - Found TSA517I.txt (text/plain) in SYS3.SPI.HELP, moved to HELP/TSA517I
2025-04-04 11:10:52.728277 - Found TSA518I.txt (text/plain) in SYS3.SPI.HELP, moved to HELP/TSA518I
2025-04-04 11:10:52.728389 - Found TSA519W.txt (text/plain) in SYS3.SPI.HELP, moved to HELP/TSA519W
2025-04-04 11:10:52.728500 - Found TSA520D.txt (text/plain) in SYS3.SPI.HELP, moved to HELP/TSA520D
2025-04-04 11:10:52.728625 - Found TSA521I.txt (text/plain) in SYS3.SPI.HELP, moved to HELP/TSA521I
2025-04-04 11:10:52.728740 - Found TSA522I.txt (text/plain) in SYS3.SPI.HELP, moved to HELP/TSA522I
2025-04-04 11:10:52.728862 - Found TSA523I.txt (text/plain) in SYS3.SPI.HELP, moved to HELP/TSA523I
2025-04-04 11:10:52.731680 - Found PANEL.xmi (application/xmit) in CBT.V508.FILE526.PDS, moved to PDS/PANEL.xmi
2025-04-04 11:10:53.425705 - Received SYS3.SPI.PANEL from PANEL.xmi 
2025-04-04 11:10:53.428323 - Found $$$COIBM.txt (text/plain) in SYS3.SPI.PANEL, moved to PANEL/$$$COIBM
2025-04-04 11:10:53.428460 - Found SCREEN2.txt (text/plain) in SYS3.SPI.PANEL, moved to PANEL/SCREEN2
2025-04-04 11:10:53.428585 - Found SECADD.txt (text/plain) in SYS3.SPI.PANEL, moved to PANEL/SECADD
2025-04-04 11:10:53.428719 - Found SECPROF.txt (text/plain) in SYS3.SPI.PANEL, moved to PANEL/SECPROF
2025-04-04 11:10:53.428844 - Found SECSHOW.txt (text/plain) in SYS3.SPI.PANEL, moved to PANEL/SECSHOW
2025-04-04 11:10:53.428962 - Found SECSTAT.txt (text/plain) in SYS3.SPI.PANEL, moved to PANEL/SECSTAT
2025-04-04 11:10:53.429083 - Found SECUPDT.txt (text/plain) in SYS3.SPI.PANEL, moved to PANEL/SECUPDT
2025-04-04 11:10:53.429205 - Found SECUTIL.txt (text/plain) in SYS3.SPI.PANEL, moved to PANEL/SECUTIL
2025-04-04 11:10:53.429331 - Found SPIAADD.txt (text/plain) in SYS3.SPI.PANEL, moved to PANEL/SPIAADD
2025-04-04 11:10:53.429452 - Found SPIADASD.txt (text/plain) in SYS3.SPI.PANEL, moved to PANEL/SPIADASD
2025-04-04 11:10:53.429750 - Found SPIADD.txt (text/plain) in SYS3.SPI.PANEL, moved to PANEL/SPIADD
2025-04-04 11:10:53.429869 - Found SPIADSN.txt (text/plain) in SYS3.SPI.PANEL, moved to PANEL/SPIADSN
2025-04-04 11:10:53.429988 - Found SPIAJES.txt (text/plain) in SYS3.SPI.PANEL, moved to PANEL/SPIAJES
2025-04-04 11:10:53.430104 - Found SPIAMISC.txt (text/plain) in SYS3.SPI.PANEL, moved to PANEL/SPIAMISC
2025-04-04 11:10:53.430229 - Found SPIATH1.txt (text/plain) in SYS3.SPI.PANEL, moved to PANEL/SPIATH1
2025-04-04 11:10:53.430369 - Found SPIAUNIX.txt (text/plain) in SYS3.SPI.PANEL, moved to PANEL/SPIAUNIX
2025-04-04 11:10:53.430485 - Found SPIAUTH.txt (text/plain) in SYS3.SPI.PANEL, moved to PANEL/SPIAUTH
2025-04-04 11:10:53.430611 - Found SPIBACKU.txt (text/plain) in SYS3.SPI.PANEL, moved to PANEL/SPIBACKU
2025-04-04 11:10:53.430750 - Found SPIBASIC.txt (text/plain) in SYS3.SPI.PANEL, moved to PANEL/SPIBASIC
2025-04-04 11:10:53.430866 - Found SPIBLNC.txt (text/plain) in SYS3.SPI.PANEL, moved to PANEL/SPIBLNC
2025-04-04 11:10:53.430982 - Found SPICONV.txt (text/plain) in SYS3.SPI.PANEL, moved to PANEL/SPICONV
2025-04-04 11:10:53.431103 - Found SPIDEL.txt (text/plain) in SYS3.SPI.PANEL, moved to PANEL/SPIDEL
2025-04-04 11:10:53.431238 - Found SPIDSNS.txt (text/plain) in SYS3.SPI.PANEL, moved to PANEL/SPIDSNS
2025-04-04 11:10:53.431369 - Found SPIGROUP.txt (text/plain) in SYS3.SPI.PANEL, moved to PANEL/SPIGROUP
2025-04-04 11:10:53.431484 - Found SPIHELP.txt (text/plain) in SYS3.SPI.PANEL, moved to PANEL/SPIHELP
2025-04-04 11:10:53.431621 - Found SPIHELP0.txt (text/plain) in SYS3.SPI.PANEL, moved to PANEL/SPIHELP0
2025-04-04 11:10:53.431742 - Found SPIIOPT.txt (text/plain) in SYS3.SPI.PANEL, moved to PANEL/SPIIOPT
2025-04-04 11:10:53.431863 - Found SPILCO1A.txt (text/plain) in SYS3.SPI.PANEL, moved to PANEL/SPILCO1A
2025-04-04 11:10:53.431982 - Found SPILCO2B.txt (text/plain) in SYS3.SPI.PANEL, moved to PANEL/SPILCO2B
2025-04-04 11:10:53.432096 - Found SPILIST.txt (text/plain) in SYS3.SPI.PANEL, moved to PANEL/SPILIST
2025-04-04 11:10:53.432211 - Found SPILSYSA.txt (text/plain) in SYS3.SPI.PANEL, moved to PANEL/SPILSYSA
2025-04-04 11:10:53.432331 - Found SPILTECS.txt (text/plain) in SYS3.SPI.PANEL, moved to PANEL/SPILTECS
2025-04-04 11:10:53.432466 - Found SPIMAIN.txt (text/plain) in SYS3.SPI.PANEL, moved to PANEL/SPIMAIN
2025-04-04 11:10:53.432585 - Found SPIOOPS.txt (text/plain) in SYS3.SPI.PANEL, moved to PANEL/SPIOOPS
2025-04-04 11:10:53.432704 - Found SPIPOP.txt (text/plain) in SYS3.SPI.PANEL, moved to PANEL/SPIPOP
2025-04-04 11:10:53.432825 - Found SPIPROF.txt (text/plain) in SYS3.SPI.PANEL, moved to PANEL/SPIPROF
2025-04-04 11:10:53.432942 - Found SPIPROFS.txt (text/plain) in SYS3.SPI.PANEL, moved to PANEL/SPIPROFS
2025-04-04 11:10:53.433062 - Found SPISHOW.txt (text/plain) in SYS3.SPI.PANEL, moved to PANEL/SPISHOW
2025-04-04 11:10:53.433180 - Found SPISIM.txt (text/plain) in SYS3.SPI.PANEL, moved to PANEL/SPISIM
2025-04-04 11:10:53.433294 - Found SPISTAT.txt (text/plain) in SYS3.SPI.PANEL, moved to PANEL/SPISTAT
2025-04-04 11:10:53.433420 - Found SPITSO.txt (text/plain) in SYS3.SPI.PANEL, moved to PANEL/SPITSO
2025-04-04 11:10:53.433533 - Found SPITSST.txt (text/plain) in SYS3.SPI.PANEL, moved to PANEL/SPITSST
2025-04-04 11:10:53.433651 - Found SPIUPDT.txt (text/plain) in SYS3.SPI.PANEL, moved to PANEL/SPIUPDT
2025-04-04 11:10:53.433768 - Found SPIUTIL.txt (text/plain) in SYS3.SPI.PANEL, moved to PANEL/SPIUTIL
2025-04-04 11:10:53.433898 - Found SPI00003.txt (text/plain) in SYS3.SPI.PANEL, moved to PANEL/SPI00003
2025-04-04 11:10:53.434012 - Found SPI01000.txt (text/plain) in SYS3.SPI.PANEL, moved to PANEL/SPI01000
2025-04-04 11:10:53.434127 - Found SPI02000.txt (text/plain) in SYS3.SPI.PANEL, moved to PANEL/SPI02000
2025-04-04 11:10:53.434242 - Found SPI03000.txt (text/plain) in SYS3.SPI.PANEL, moved to PANEL/SPI03000
2025-04-04 11:10:53.434358 - Found SPI04000.txt (text/plain) in SYS3.SPI.PANEL, moved to PANEL/SPI04000
2025-04-04 11:10:53.434473 - Found SPI05000.txt (text/plain) in SYS3.SPI.PANEL, moved to PANEL/SPI05000
2025-04-04 11:10:53.434591 - Found SPI06000.txt (text/plain) in SYS3.SPI.PANEL, moved to PANEL/SPI06000
2025-04-04 11:10:53.434720 - Found SPI07000.txt (text/plain) in SYS3.SPI.PANEL, moved to PANEL/SPI07000
2025-04-04 11:10:53.434838 - Found SPI08000.txt (text/plain) in SYS3.SPI.PANEL, moved to PANEL/SPI08000
2025-04-04 11:10:53.434960 - Found SPI09000.txt (text/plain) in SYS3.SPI.PANEL, moved to PANEL/SPI09000
2025-04-04 11:10:53.435084 - Found SPI09010.txt (text/plain) in SYS3.SPI.PANEL, moved to PANEL/SPI09010
2025-04-04 11:10:53.435199 - Found SPI09020.txt (text/plain) in SYS3.SPI.PANEL, moved to PANEL/SPI09020
2025-04-04 11:10:53.435314 - Found SPI09030.txt (text/plain) in SYS3.SPI.PANEL, moved to PANEL/SPI09030
2025-04-04 11:10:53.435426 - Found SPI10000.txt (text/plain) in SYS3.SPI.PANEL, moved to PANEL/SPI10000
2025-04-04 11:10:53.435539 - Found SPI11000.txt (text/plain) in SYS3.SPI.PANEL, moved to PANEL/SPI11000
2025-04-04 11:10:53.435800 - Found SPI11010.txt (text/plain) in SYS3.SPI.PANEL, moved to PANEL/SPI11010
2025-04-04 11:10:53.435914 - Found SPI11020.txt (text/plain) in SYS3.SPI.PANEL, moved to PANEL/SPI11020
2025-04-04 11:10:53.436029 - Found SPI11030.txt (text/plain) in SYS3.SPI.PANEL, moved to PANEL/SPI11030
2025-04-04 11:10:53.436148 - Found SPI11040.txt (text/plain) in SYS3.SPI.PANEL, moved to PANEL/SPI11040
2025-04-04 11:10:53.436263 - Found SPI11050.txt (text/plain) in SYS3.SPI.PANEL, moved to PANEL/SPI11050
2025-04-04 11:10:53.436377 - Found SPI11060.txt (text/plain) in SYS3.SPI.PANEL, moved to PANEL/SPI11060
2025-04-04 11:10:53.436490 - Found SPI11070.txt (text/plain) in SYS3.SPI.PANEL, moved to PANEL/SPI11070
2025-04-04 11:10:53.436605 - Found SPI20000.txt (text/plain) in SYS3.SPI.PANEL, moved to PANEL/SPI20000
2025-04-04 11:10:53.436732 - Found SPI20010.txt (text/plain) in SYS3.SPI.PANEL, moved to PANEL/SPI20010
2025-04-04 11:10:53.436850 - Found SPI20020.txt (text/plain) in SYS3.SPI.PANEL, moved to PANEL/SPI20020
2025-04-04 11:10:53.436969 - Found SPI20030.txt (text/plain) in SYS3.SPI.PANEL, moved to PANEL/SPI20030
2025-04-04 11:10:53.437083 - Found SPI21000.txt (text/plain) in SYS3.SPI.PANEL, moved to PANEL/SPI21000
2025-04-04 11:10:53.437208 - Found SPI21010.txt (text/plain) in SYS3.SPI.PANEL, moved to PANEL/SPI21010
2025-04-04 11:10:53.437322 - Found SPI21020.txt (text/plain) in SYS3.SPI.PANEL, moved to PANEL/SPI21020
2025-04-04 11:10:53.437434 - Found SPI21030.txt (text/plain) in SYS3.SPI.PANEL, moved to PANEL/SPI21030
2025-04-04 11:10:53.437545 - Found SPI21040.txt (text/plain) in SYS3.SPI.PANEL, moved to PANEL/SPI21040
2025-04-04 11:10:53.437660 - Found SPI21050.txt (text/plain) in SYS3.SPI.PANEL, moved to PANEL/SPI21050
2025-04-04 11:10:53.437784 - Found SPI21060.txt (text/plain) in SYS3.SPI.PANEL, moved to PANEL/SPI21060
2025-04-04 11:10:53.437901 - Found SPI21070.txt (text/plain) in SYS3.SPI.PANEL, moved to PANEL/SPI21070
2025-04-04 11:10:53.438014 - Found SPI21080.txt (text/plain) in SYS3.SPI.PANEL, moved to PANEL/SPI21080
2025-04-04 11:10:53.438125 - Found SPI21090.txt (text/plain) in SYS3.SPI.PANEL, moved to PANEL/SPI21090
2025-04-04 11:10:53.438252 - Found TBVIEW.txt (text/plain) in SYS3.SPI.PANEL, moved to PANEL/TBVIEW
2025-04-04 11:10:53.438369 - Found TSSTUT.txt (text/plain) in SYS3.SPI.PANEL, moved to PANEL/TSSTUT
2025-04-04 11:10:53.438481 - Found VARPANEL.txt (text/plain) in SYS3.SPI.PANEL, moved to PANEL/VARPANEL
2025-04-04 11:10:53.441169 - Found PARMLIB.xmi (application/xmit) in CBT.V508.FILE526.PDS, moved to PDS/PARMLIB.xmi
2025-04-04 11:10:53.757882 - Received SYS3.SPI.PARMLIB from PARMLIB.xmi 
2025-04-04 11:10:53.759048 - Found $A.jcl (text/plain) in SYS3.SPI.PARMLIB, moved to PARMLIB/$A
2025-04-04 11:10:53.759207 - Found AA3.txt (text/plain) in SYS3.SPI.PARMLIB, moved to PARMLIB/AA3
2025-04-04 11:10:53.759360 - Found ALLIDS.txt (text/plain) in SYS3.SPI.PARMLIB, moved to PARMLIB/ALLIDS
2025-04-04 11:10:53.759503 - Found CMDSAMP.txt (text/plain) in SYS3.SPI.PARMLIB, moved to PARMLIB/CMDSAMP
2025-04-04 11:10:53.759622 - Found CORECMD.txt (text/plain) in SYS3.SPI.PARMLIB, moved to PARMLIB/CORECMD
2025-04-04 11:10:53.759751 - Found CORERACF.txt (text/plain) in SYS3.SPI.PARMLIB, moved to PARMLIB/CORERACF
2025-04-04 11:10:53.759873 - Found CORESBCK.txt (text/plain) in SYS3.SPI.PARMLIB, moved to PARMLIB/CORESBCK
2025-04-04 11:10:53.760001 - Found CORESCR.txt (text/plain) in SYS3.SPI.PARMLIB, moved to PARMLIB/CORESCR
2025-04-04 11:10:53.760118 - Found DEFSAMP1.txt (text/plain) in SYS3.SPI.PARMLIB, moved to PARMLIB/DEFSAMP1
2025-04-04 11:10:53.760236 - Found IDATPARM.txt (text/plain) in SYS3.SPI.PARMLIB, moved to PARMLIB/IDATPARM
2025-04-04 11:10:53.760352 - Found IDLIST1A.txt (text/plain) in SYS3.SPI.PARMLIB, moved to PARMLIB/IDLIST1A
2025-04-04 11:10:53.760474 - Found ISRCON.rexx (text/plain) in SYS3.SPI.PARMLIB, moved to PARMLIB/ISRCON
2025-04-04 11:10:53.760597 - Found ISRCON2.rexx (text/plain) in SYS3.SPI.PARMLIB, moved to PARMLIB/ISRCON2
2025-04-04 11:10:53.760711 - Found JCSAMPLE.jcl (text/plain) in SYS3.SPI.PARMLIB, moved to PARMLIB/JCSAMPLE
2025-04-04 11:10:53.760835 - Found JCSOURCE.jcl (text/plain) in SYS3.SPI.PARMLIB, moved to PARMLIB/JCSOURCE
2025-04-04 11:10:53.760956 - Found JCSOURCO.jcl (text/plain) in SYS3.SPI.PARMLIB, moved to PARMLIB/JCSOURCO
2025-04-04 11:10:53.761104 - Found SCREEN.txt (text/plain) in SYS3.SPI.PARMLIB, moved to PARMLIB/SCREEN
2025-04-04 11:10:53.761222 - Found SPIBASE.txt (text/plain) in SYS3.SPI.PARMLIB, moved to PARMLIB/SPIBASE
2025-04-04 11:10:53.761367 - Found SPIBAS0A.txt (text/plain) in SYS3.SPI.PARMLIB, moved to PARMLIB/SPIBAS0A
2025-04-04 11:10:53.761508 - Found SPICMD0A.txt (text/plain) in SYS3.SPI.PARMLIB, moved to PARMLIB/SPICMD0A
2025-04-04 11:10:53.761643 - Found SPISCR0A.txt (text/plain) in SYS3.SPI.PARMLIB, moved to PARMLIB/SPISCR0A
2025-04-04 11:10:53.761772 - Found SPISCR1A.txt (text/plain) in SYS3.SPI.PARMLIB, moved to PARMLIB/SPISCR1A
2025-04-04 11:10:53.761891 - Found TQ1.txt (text/plain) in SYS3.SPI.PARMLIB, moved to PARMLIB/TQ1
2025-04-04 11:10:53.762010 - Found TSOBATCH.txt (text/plain) in SYS3.SPI.PARMLIB, moved to PARMLIB/TSOBATCH
2025-04-04 11:10:53.762144 - Found USERCMD.txt (text/plain) in SYS3.SPI.PARMLIB, moved to PARMLIB/USERCMD
2025-04-04 11:10:53.762276 - Found USERCMDO.txt (text/plain) in SYS3.SPI.PARMLIB, moved to PARMLIB/USERCMDO
2025-04-04 11:10:53.765295 - Found REXX.xmi (application/xmit) in CBT.V508.FILE526.PDS, moved to PDS/REXX.xmi
2025-04-04 11:10:57.484231 - Received SYS3.SPI.REXX from REXX.xmi 
2025-04-04 11:10:57.492845 - Found $$$COIBM.txt (text/plain) in SYS3.SPI.REXX, moved to REXX/$$$COIBM
2025-04-04 11:10:57.492993 - Found $INSTALL.txt (text/plain) in SYS3.SPI.REXX, moved to REXX/$INSTALL
2025-04-04 11:10:57.493124 - Found @RXEDIT.rexx (text/plain) in SYS3.SPI.REXX, moved to REXX/@RXEDIT
2025-04-04 11:10:57.493259 - Found @XBROWSE.rexx (text/plain) in SYS3.SPI.REXX, moved to REXX/@XBROWSE
2025-04-04 11:10:57.493391 - Found AA.rexx (text/plain) in SYS3.SPI.REXX, moved to REXX/AA
2025-04-04 11:10:57.493520 - Found ADDALIAZ.rexx (text/plain) in SYS3.SPI.REXX, moved to REXX/ADDALIAZ
2025-04-04 11:10:57.493653 - Found ADDLOCAL.rexx (text/plain) in SYS3.SPI.REXX, moved to REXX/ADDLOCAL
2025-04-04 11:10:57.493873 - Found AUTHRUN.rexx (text/plain) in SYS3.SPI.REXX, moved to REXX/AUTHRUN
2025-04-04 11:10:57.494000 - Found COMPISPF.txt (text/plain) in SYS3.SPI.REXX, moved to REXX/COMPISPF
2025-04-04 11:10:57.494122 - Found DELAL.rexx (text/plain) in SYS3.SPI.REXX, moved to REXX/DELAL
2025-04-04 11:10:57.494247 - Found DELLOCAL.rexx (text/plain) in SYS3.SPI.REXX, moved to REXX/DELLOCAL
2025-04-04 11:10:57.494368 - Found DLOG.rexx (text/plain) in SYS3.SPI.REXX, moved to REXX/DLOG
2025-04-04 11:10:57.494504 - Found EMSBADD.rexx (text/plain) in SYS3.SPI.REXX, moved to REXX/EMSBADD
2025-04-04 11:10:57.494628 - Found ERROR1.txt (text/plain) in SYS3.SPI.REXX, moved to REXX/ERROR1
2025-04-04 11:10:57.494758 - Found EXECIO.txt (text/plain) in SYS3.SPI.REXX, moved to REXX/EXECIO
2025-04-04 11:10:57.494886 - Found FILECHK.rexx (text/plain) in SYS3.SPI.REXX, moved to REXX/FILECHK
2025-04-04 11:10:57.495019 - Found FS.rexx (text/plain) in SYS3.SPI.REXX, moved to REXX/FS
2025-04-04 11:10:57.495300 - Found FSDISP.rexx (text/plain) in SYS3.SPI.REXX, moved to REXX/FSDISP
2025-04-04 11:10:57.495425 - Found GETBACKU.rexx (text/plain) in SYS3.SPI.REXX, moved to REXX/GETBACKU
2025-04-04 11:10:57.495553 - Found GETOPID.rexx (text/plain) in SYS3.SPI.REXX, moved to REXX/GETOPID
2025-04-04 11:10:57.495670 - Found GETOPIDO.rexx (text/plain) in SYS3.SPI.REXX, moved to REXX/GETOPIDO
2025-04-04 11:10:57.495802 - Found GETSAVE.rexx (text/plain) in SYS3.SPI.REXX, moved to REXX/GETSAVE
2025-04-04 11:10:57.495926 - Found GIVEUID.rexx (text/plain) in SYS3.SPI.REXX, moved to REXX/GIVEUID
2025-04-04 11:10:57.496041 - Found HIGHUID.rexx (text/plain) in SYS3.SPI.REXX, moved to REXX/HIGHUID
2025-04-04 11:10:57.496159 - Found IDCHECK.rexx (text/plain) in SYS3.SPI.REXX, moved to REXX/IDCHECK
2025-04-04 11:10:57.496273 - Found ISRCON.rexx (text/plain) in SYS3.SPI.REXX, moved to REXX/ISRCON
2025-04-04 11:10:57.496388 - Found LOG.rexx (text/plain) in SYS3.SPI.REXX, moved to REXX/LOG
2025-04-04 11:10:57.496512 - Found LOGOLD.rexx (text/plain) in SYS3.SPI.REXX, moved to REXX/LOGOLD
2025-04-04 11:10:57.496638 - Found L4.rexx (text/plain) in SYS3.SPI.REXX, moved to REXX/L4
2025-04-04 11:10:57.496753 - Found MEMLIST.rexx (text/plain) in SYS3.SPI.REXX, moved to REXX/MEMLIST
2025-04-04 11:10:57.496872 - Found MEMLOOK.rexx (text/plain) in SYS3.SPI.REXX, moved to REXX/MEMLOOK
2025-04-04 11:10:57.496998 - Found MSGHELP.rexx (text/plain) in SYS3.SPI.REXX, moved to REXX/MSGHELP
2025-04-04 11:10:57.497132 - Found MSGS.txt (text/plain) in SYS3.SPI.REXX, moved to REXX/MSGS
2025-04-04 11:10:57.497252 - Found PARSE.txt (text/plain) in SYS3.SPI.REXX, moved to REXX/PARSE
2025-04-04 11:10:57.497371 - Found POPEXP.rexx (text/plain) in SYS3.SPI.REXX, moved to REXX/POPEXP
2025-04-04 11:10:57.497485 - Found POPVER.rexx (text/plain) in SYS3.SPI.REXX, moved to REXX/POPVER
2025-04-04 11:10:57.497617 - Found POP001.rexx (text/plain) in SYS3.SPI.REXX, moved to REXX/POP001
2025-04-04 11:10:57.497735 - Found POP002.rexx (text/plain) in SYS3.SPI.REXX, moved to REXX/POP002
2025-04-04 11:10:57.497862 - Found POP003.rexx (text/plain) in SYS3.SPI.REXX, moved to REXX/POP003
2025-04-04 11:10:57.497988 - Found POP004.rexx (text/plain) in SYS3.SPI.REXX, moved to REXX/POP004
2025-04-04 11:10:57.498100 - Found POP005.rexx (text/plain) in SYS3.SPI.REXX, moved to REXX/POP005
2025-04-04 11:10:57.498215 - Found POP006.rexx (text/plain) in SYS3.SPI.REXX, moved to REXX/POP006
2025-04-04 11:10:57.498328 - Found POP007.rexx (text/plain) in SYS3.SPI.REXX, moved to REXX/POP007
2025-04-04 11:10:57.498458 - Found POP008.rexx (text/plain) in SYS3.SPI.REXX, moved to REXX/POP008
2025-04-04 11:10:57.498572 - Found POP009.rexx (text/plain) in SYS3.SPI.REXX, moved to REXX/POP009
2025-04-04 11:10:57.498684 - Found POP010.rexx (text/plain) in SYS3.SPI.REXX, moved to REXX/POP010
2025-04-04 11:10:57.498795 - Found POP011.rexx (text/plain) in SYS3.SPI.REXX, moved to REXX/POP011
2025-04-04 11:10:57.498911 - Found POP012.rexx (text/plain) in SYS3.SPI.REXX, moved to REXX/POP012
2025-04-04 11:10:57.499034 - Found POP013.rexx (text/plain) in SYS3.SPI.REXX, moved to REXX/POP013
2025-04-04 11:10:57.499157 - Found POP014.rexx (text/plain) in SYS3.SPI.REXX, moved to REXX/POP014
2025-04-04 11:10:57.499274 - Found POP015.rexx (text/plain) in SYS3.SPI.REXX, moved to REXX/POP015
2025-04-04 11:10:57.499388 - Found POP016.rexx (text/plain) in SYS3.SPI.REXX, moved to REXX/POP016
2025-04-04 11:10:57.499561 - Found POP017.rexx (text/plain) in SYS3.SPI.REXX, moved to REXX/POP017
2025-04-04 11:10:57.499704 - Found POP018.rexx (text/plain) in SYS3.SPI.REXX, moved to REXX/POP018
2025-04-04 11:10:57.499836 - Found POP019.rexx (text/plain) in SYS3.SPI.REXX, moved to REXX/POP019
2025-04-04 11:10:57.499966 - Found POP020.rexx (text/plain) in SYS3.SPI.REXX, moved to REXX/POP020
2025-04-04 11:10:57.500083 - Found POP021.rexx (text/plain) in SYS3.SPI.REXX, moved to REXX/POP021
2025-04-04 11:10:57.500203 - Found POP022.rexx (text/plain) in SYS3.SPI.REXX, moved to REXX/POP022
2025-04-04 11:10:57.500332 - Found POP023.rexx (text/plain) in SYS3.SPI.REXX, moved to REXX/POP023
2025-04-04 11:10:57.500448 - Found POP024.rexx (text/plain) in SYS3.SPI.REXX, moved to REXX/POP024
2025-04-04 11:10:57.500564 - Found POP025.rexx (text/plain) in SYS3.SPI.REXX, moved to REXX/POP025
2025-04-04 11:10:57.500696 - Found POP026.rexx (text/plain) in SYS3.SPI.REXX, moved to REXX/POP026
2025-04-04 11:10:57.500814 - Found POP027.rexx (text/plain) in SYS3.SPI.REXX, moved to REXX/POP027
2025-04-04 11:10:57.500928 - Found POP028.rexx (text/plain) in SYS3.SPI.REXX, moved to REXX/POP028
2025-04-04 11:10:57.501041 - Found POP029.rexx (text/plain) in SYS3.SPI.REXX, moved to REXX/POP029
2025-04-04 11:10:57.501159 - Found POP030.rexx (text/plain) in SYS3.SPI.REXX, moved to REXX/POP030
2025-04-04 11:10:57.501283 - Found POP031.rexx (text/plain) in SYS3.SPI.REXX, moved to REXX/POP031
2025-04-04 11:10:57.501403 - Found POP032.rexx (text/plain) in SYS3.SPI.REXX, moved to REXX/POP032
2025-04-04 11:10:57.501535 - Found POP033.rexx (text/plain) in SYS3.SPI.REXX, moved to REXX/POP033
2025-04-04 11:10:57.501652 - Found POP034.rexx (text/plain) in SYS3.SPI.REXX, moved to REXX/POP034
2025-04-04 11:10:57.501767 - Found POP035.rexx (text/plain) in SYS3.SPI.REXX, moved to REXX/POP035
2025-04-04 11:10:57.501886 - Found POP036.rexx (text/plain) in SYS3.SPI.REXX, moved to REXX/POP036
2025-04-04 11:10:57.502001 - Found POP037.rexx (text/plain) in SYS3.SPI.REXX, moved to REXX/POP037
2025-04-04 11:10:57.502112 - Found POP038.rexx (text/plain) in SYS3.SPI.REXX, moved to REXX/POP038
2025-04-04 11:10:57.502227 - Found POP039.rexx (text/plain) in SYS3.SPI.REXX, moved to REXX/POP039
2025-04-04 11:10:57.502353 - Found POP040.rexx (text/plain) in SYS3.SPI.REXX, moved to REXX/POP040
2025-04-04 11:10:57.502472 - Found POP041.rexx (text/plain) in SYS3.SPI.REXX, moved to REXX/POP041
2025-04-04 11:10:57.502595 - Found POP042.rexx (text/plain) in SYS3.SPI.REXX, moved to REXX/POP042
2025-04-04 11:10:57.502708 - Found POP043.rexx (text/plain) in SYS3.SPI.REXX, moved to REXX/POP043
2025-04-04 11:10:57.502820 - Found POP044.rexx (text/plain) in SYS3.SPI.REXX, moved to REXX/POP044
2025-04-04 11:10:57.502932 - Found POP045.rexx (text/plain) in SYS3.SPI.REXX, moved to REXX/POP045
2025-04-04 11:10:57.503042 - Found POP046.rexx (text/plain) in SYS3.SPI.REXX, moved to REXX/POP046
2025-04-04 11:10:57.503153 - Found POP047.rexx (text/plain) in SYS3.SPI.REXX, moved to REXX/POP047
2025-04-04 11:10:57.503417 - Found POP048.rexx (text/plain) in SYS3.SPI.REXX, moved to REXX/POP048
2025-04-04 11:10:57.503585 - Found POP049.rexx (text/plain) in SYS3.SPI.REXX, moved to REXX/POP049
2025-04-04 11:10:57.503717 - Found RACFASTC.rexx (text/plain) in SYS3.SPI.REXX, moved to REXX/RACFASTC
2025-04-04 11:10:57.503846 - Found REMOPID.rexx (text/plain) in SYS3.SPI.REXX, moved to REXX/REMOPID
2025-04-04 11:10:57.503971 - Found RXAPPEND.rexx (text/plain) in SYS3.SPI.REXX, moved to REXX/RXAPPEND
2025-04-04 11:10:57.504106 - Found RXBROWSE.rexx (text/plain) in SYS3.SPI.REXX, moved to REXX/RXBROWSE
2025-04-04 11:10:57.504223 - Found RXEDIT.rexx (text/plain) in SYS3.SPI.REXX, moved to REXX/RXEDIT
2025-04-04 11:10:57.504337 - Found RXPARSE.rexx (text/plain) in SYS3.SPI.REXX, moved to REXX/RXPARSE
2025-04-04 11:10:57.504453 - Found RXREPRO.rexx (text/plain) in SYS3.SPI.REXX, moved to REXX/RXREPRO
2025-04-04 11:10:57.504577 - Found R29ASEC.rexx (text/plain) in SYS3.SPI.REXX, moved to REXX/R29ASEC
2025-04-04 11:10:57.504702 - Found R29ASYS.rexx (text/plain) in SYS3.SPI.REXX, moved to REXX/R29ASYS
2025-04-04 11:10:57.504821 - Found R29IDEL.rexx (text/plain) in SYS3.SPI.REXX, moved to REXX/R29IDEL
2025-04-04 11:10:57.504938 - Found R29JCARD.rexx (text/plain) in SYS3.SPI.REXX, moved to REXX/R29JCARD
2025-04-04 11:10:57.505053 - Found SAY.rexx (text/plain) in SYS3.SPI.REXX, moved to REXX/SAY
2025-04-04 11:10:57.505182 - Found SCREEN2.rexx (text/plain) in SYS3.SPI.REXX, moved to REXX/SCREEN2
2025-04-04 11:10:57.505298 - Found SHOWCPU.rexx (text/plain) in SYS3.SPI.REXX, moved to REXX/SHOWCPU
2025-04-04 11:10:57.505414 - Found SIG.txt (text/plain) in SYS3.SPI.REXX, moved to REXX/SIG
2025-04-04 11:10:57.505532 - Found SPIRPT01.rexx (text/plain) in SYS3.SPI.REXX, moved to REXX/SPIRPT01
2025-04-04 11:10:57.505654 - Found STDMSG.txt (text/plain) in SYS3.SPI.REXX, moved to REXX/STDMSG
2025-04-04 11:10:57.505771 - Found T$$BACK.rexx (text/plain) in SYS3.SPI.REXX, moved to REXX/T$$BACK
2025-04-04 11:10:57.505901 - Found T$$CO$A.rexx (text/plain) in SYS3.SPI.REXX, moved to REXX/T$$CO$A
2025-04-04 11:10:57.506025 - Found T$$CO1A.rexx (text/plain) in SYS3.SPI.REXX, moved to REXX/T$$CO1A
2025-04-04 11:10:57.506137 - Found T$$CO1B.rexx (text/plain) in SYS3.SPI.REXX, moved to REXX/T$$CO1B
2025-04-04 11:10:57.506247 - Found T$$CO2B.rexx (text/plain) in SYS3.SPI.REXX, moved to REXX/T$$CO2B
2025-04-04 11:10:57.506357 - Found T$$ISTE.rexx (text/plain) in SYS3.SPI.REXX, moved to REXX/T$$ISTE
2025-04-04 11:10:57.506470 - Found T$$SAMP.rexx (text/plain) in SYS3.SPI.REXX, moved to REXX/T$$SAMP
2025-04-04 11:10:57.506586 - Found T$$TECS.rexx (text/plain) in SYS3.SPI.REXX, moved to REXX/T$$TECS
2025-04-04 11:10:57.506721 - Found TBMCMD.rexx (text/plain) in SYS3.SPI.REXX, moved to REXX/TBMCMD
2025-04-04 11:10:57.506837 - Found TBMCMD1.rexx (text/plain) in SYS3.SPI.REXX, moved to REXX/TBMCMD1
2025-04-04 11:10:57.506949 - Found TBMSCR.rexx (text/plain) in SYS3.SPI.REXX, moved to REXX/TBMSCR
2025-04-04 11:10:57.507076 - Found TBMSCRO.rexx (text/plain) in SYS3.SPI.REXX, moved to REXX/TBMSCRO
2025-04-04 11:10:57.507190 - Found TBMSCR1.rexx (text/plain) in SYS3.SPI.REXX, moved to REXX/TBMSCR1
2025-04-04 11:10:57.507307 - Found TBVIEW.rexx (text/plain) in SYS3.SPI.REXX, moved to REXX/TBVIEW
2025-04-04 11:10:57.507428 - Found TEMPIC.rexx (text/plain) in SYS3.SPI.REXX, moved to REXX/TEMPIC
2025-04-04 11:10:57.507546 - Found TSASIM.rexx (text/plain) in SYS3.SPI.REXX, moved to REXX/TSASIM
2025-04-04 11:10:57.507656 - Found TSSAUDU.rexx (text/plain) in SYS3.SPI.REXX, moved to REXX/TSSAUDU
2025-04-04 11:10:57.507778 - Found TSSCFILE.rexx (text/plain) in SYS3.SPI.REXX, moved to REXX/TSSCFILE
2025-04-04 11:10:57.507908 - Found TSSDPANL.rexx (text/plain) in SYS3.SPI.REXX, moved to REXX/TSSDPANL
2025-04-04 11:10:57.508026 - Found TSSDSNW.rexx (text/plain) in SYS3.SPI.REXX, moved to REXX/TSSDSNW
2025-04-04 11:10:57.508142 - Found TSSEMAIL.rexx (text/plain) in SYS3.SPI.REXX, moved to REXX/TSSEMAIL
2025-04-04 11:10:57.508266 - Found TSSINI.rexx (text/plain) in SYS3.SPI.REXX, moved to REXX/TSSINI
2025-04-04 11:10:57.508382 - Found TSSINQ.rexx (text/plain) in SYS3.SPI.REXX, moved to REXX/TSSINQ
2025-04-04 11:10:57.508492 - Found TSSJAUD.rexx (text/plain) in SYS3.SPI.REXX, moved to REXX/TSSJAUD
2025-04-04 11:10:57.508610 - Found TSSLNAME.rexx (text/plain) in SYS3.SPI.REXX, moved to REXX/TSSLNAME
2025-04-04 11:10:57.508724 - Found TSSPRINT.rexx (text/plain) in SYS3.SPI.REXX, moved to REXX/TSSPRINT
2025-04-04 11:10:57.508851 - Found TSSRWHO.rexx (text/plain) in SYS3.SPI.REXX, moved to REXX/TSSRWHO
2025-04-04 11:10:57.508968 - Found TSSRWHOM.rexx (text/plain) in SYS3.SPI.REXX, moved to REXX/TSSRWHOM
2025-04-04 11:10:57.509080 - Found TSSSAUD.rexx (text/plain) in SYS3.SPI.REXX, moved to REXX/TSSSAUD
2025-04-04 11:10:57.509215 - Found TSSU.rexx (text/plain) in SYS3.SPI.REXX, moved to REXX/TSSU
2025-04-04 11:10:57.509329 - Found TSSUOLD.rexx (text/plain) in SYS3.SPI.REXX, moved to REXX/TSSUOLD
2025-04-04 11:10:57.509453 - Found TSSUT.rexx (text/plain) in SYS3.SPI.REXX, moved to REXX/TSSUT
2025-04-04 11:10:57.509568 - Found TSSUTO.rexx (text/plain) in SYS3.SPI.REXX, moved to REXX/TSSUTO
2025-04-04 11:10:57.509685 - Found TSSUTZ.rexx (text/plain) in SYS3.SPI.REXX, moved to REXX/TSSUTZ
2025-04-04 11:10:57.509802 - Found TSSVERS.rexx (text/plain) in SYS3.SPI.REXX, moved to REXX/TSSVERS
2025-04-04 11:10:57.509930 - Found TSSWHO.rexx (text/plain) in SYS3.SPI.REXX, moved to REXX/TSSWHO
2025-04-04 11:10:57.510073 - Found T50ADD.rexx (text/plain) in SYS3.SPI.REXX, moved to REXX/T50ADD
2025-04-04 11:10:57.510187 - Found T50BCON.rexx (text/plain) in SYS3.SPI.REXX, moved to REXX/T50BCON
2025-04-04 11:10:57.510300 - Found T50BKUP.rexx (text/plain) in SYS3.SPI.REXX, moved to REXX/T50BKUP
2025-04-04 11:10:57.510427 - Found T50CMDO.rexx (text/plain) in SYS3.SPI.REXX, moved to REXX/T50CMDO
2025-04-04 11:10:57.510541 - Found T50CON.rexx (text/plain) in SYS3.SPI.REXX, moved to REXX/T50CON
2025-04-04 11:10:57.510657 - Found T50DEL.rexx (text/plain) in SYS3.SPI.REXX, moved to REXX/T50DEL
2025-04-04 11:10:57.510771 - Found T50DISC.rexx (text/plain) in SYS3.SPI.REXX, moved to REXX/T50DISC
2025-04-04 11:10:57.510884 - Found T50DSSIM.rexx (text/plain) in SYS3.SPI.REXX, moved to REXX/T50DSSIM
2025-04-04 11:10:57.511000 - Found T50FDIV.rexx (text/plain) in SYS3.SPI.REXX, moved to REXX/T50FDIV
2025-04-04 11:10:57.511121 - Found T50FLOC.rexx (text/plain) in SYS3.SPI.REXX, moved to REXX/T50FLOC
2025-04-04 11:10:57.511233 - Found T50GCMD.rexx (text/plain) in SYS3.SPI.REXX, moved to REXX/T50GCMD
2025-04-04 11:10:57.511357 - Found T50GDAT.rexx (text/plain) in SYS3.SPI.REXX, moved to REXX/T50GDAT
2025-04-04 11:10:57.511471 - Found T50GDEL.rexx (text/plain) in SYS3.SPI.REXX, moved to REXX/T50GDEL
2025-04-04 11:10:57.511585 - Found T50GREP.rexx (text/plain) in SYS3.SPI.REXX, moved to REXX/T50GREP
2025-04-04 11:10:57.511709 - Found T50ICOMP.rexx (text/plain) in SYS3.SPI.REXX, moved to REXX/T50ICOMP
2025-04-04 11:10:57.511833 - Found T50ICOMY.rexx (text/plain) in SYS3.SPI.REXX, moved to REXX/T50ICOMY
2025-04-04 11:10:57.511944 - Found T50ICOMZ.rexx (text/plain) in SYS3.SPI.REXX, moved to REXX/T50ICOMZ
2025-04-04 11:10:57.512064 - Found T50INS.rexx (text/plain) in SYS3.SPI.REXX, moved to REXX/T50INS
2025-04-04 11:10:57.512178 - Found T50JCARD.rexx (text/plain) in SYS3.SPI.REXX, moved to REXX/T50JCARD
2025-04-04 11:10:57.512295 - Found T50LSTO.rexx (text/plain) in SYS3.SPI.REXX, moved to REXX/T50LSTO
2025-04-04 11:10:57.512409 - Found T50PER.rexx (text/plain) in SYS3.SPI.REXX, moved to REXX/T50PER
2025-04-04 11:10:57.512537 - Found T50PMENU.rexx (text/plain) in SYS3.SPI.REXX, moved to REXX/T50PMENU
2025-04-04 11:10:57.512648 - Found T50PWHO.rexx (text/plain) in SYS3.SPI.REXX, moved to REXX/T50PWHO
2025-04-04 11:10:57.512757 - Found T50RCON.rexx (text/plain) in SYS3.SPI.REXX, moved to REXX/T50RCON
2025-04-04 11:10:57.512868 - Found T50REPL.rexx (text/plain) in SYS3.SPI.REXX, moved to REXX/T50REPL
2025-04-04 11:10:57.512982 - Found T50RESET.rexx (text/plain) in SYS3.SPI.REXX, moved to REXX/T50RESET
2025-04-04 11:10:57.513097 - Found T50TSSIM.rexx (text/plain) in SYS3.SPI.REXX, moved to REXX/T50TSSIM
2025-04-04 11:10:57.513224 - Found T50UNDEL.rexx (text/plain) in SYS3.SPI.REXX, moved to REXX/T50UNDEL
2025-04-04 11:10:57.513357 - Found T51ADD.rexx (text/plain) in SYS3.SPI.REXX, moved to REXX/T51ADD
2025-04-04 11:10:57.513473 - Found T51BCON.rexx (text/plain) in SYS3.SPI.REXX, moved to REXX/T51BCON
2025-04-04 11:10:57.513589 - Found T51BKUP.rexx (text/plain) in SYS3.SPI.REXX, moved to REXX/T51BKUP
2025-04-04 11:10:57.513708 - Found T51CMDO.rexx (text/plain) in SYS3.SPI.REXX, moved to REXX/T51CMDO
2025-04-04 11:10:57.513842 - Found T51CON.rexx (text/plain) in SYS3.SPI.REXX, moved to REXX/T51CON
2025-04-04 11:10:57.513952 - Found T51DEL.rexx (text/plain) in SYS3.SPI.REXX, moved to REXX/T51DEL
2025-04-04 11:10:57.514067 - Found T51DELO.rexx (text/plain) in SYS3.SPI.REXX, moved to REXX/T51DELO
2025-04-04 11:10:57.514188 - Found T51DISC.rexx (text/plain) in SYS3.SPI.REXX, moved to REXX/T51DISC
2025-04-04 11:10:57.514303 - Found T51DSNP.rexx (text/plain) in SYS3.SPI.REXX, moved to REXX/T51DSNP
2025-04-04 11:10:57.514416 - Found T51DSSIM.rexx (text/plain) in SYS3.SPI.REXX, moved to REXX/T51DSSIM
2025-04-04 11:10:57.514529 - Found T51FDIV.rexx (text/plain) in SYS3.SPI.REXX, moved to REXX/T51FDIV
2025-04-04 11:10:57.514643 - Found T51FLOC.rexx (text/plain) in SYS3.SPI.REXX, moved to REXX/T51FLOC
2025-04-04 11:10:57.514753 - Found T51GCMD.rexx (text/plain) in SYS3.SPI.REXX, moved to REXX/T51GCMD
2025-04-04 11:10:57.514870 - Found T51GDAT.rexx (text/plain) in SYS3.SPI.REXX, moved to REXX/T51GDAT
2025-04-04 11:10:57.514986 - Found T51GDEL.rexx (text/plain) in SYS3.SPI.REXX, moved to REXX/T51GDEL
2025-04-04 11:10:57.515100 - Found T51GREP.rexx (text/plain) in SYS3.SPI.REXX, moved to REXX/T51GREP
2025-04-04 11:10:57.515221 - Found T51ICOMP.rexx (text/plain) in SYS3.SPI.REXX, moved to REXX/T51ICOMP
2025-04-04 11:10:57.515366 - Found T51ICSAV.rexx (text/plain) in SYS3.SPI.REXX, moved to REXX/T51ICSAV
2025-04-04 11:10:57.515496 - Found T51INS.rexx (text/plain) in SYS3.SPI.REXX, moved to REXX/T51INS
2025-04-04 11:10:57.515613 - Found T51JCARD.rexx (text/plain) in SYS3.SPI.REXX, moved to REXX/T51JCARD
2025-04-04 11:10:57.515734 - Found T51LISTP.rexx (text/plain) in SYS3.SPI.REXX, moved to REXX/T51LISTP
2025-04-04 11:10:57.515846 - Found T51LSTO.rexx (text/plain) in SYS3.SPI.REXX, moved to REXX/T51LSTO
2025-04-04 11:10:57.515974 - Found T51PER.rexx (text/plain) in SYS3.SPI.REXX, moved to REXX/T51PER
2025-04-04 11:10:57.516082 - Found T51PMENU.rexx (text/plain) in SYS3.SPI.REXX, moved to REXX/T51PMENU
2025-04-04 11:10:57.516194 - Found T51PWHO.rexx (text/plain) in SYS3.SPI.REXX, moved to REXX/T51PWHO
2025-04-04 11:10:57.516318 - Found T51RENA.rexx (text/plain) in SYS3.SPI.REXX, moved to REXX/T51RENA
2025-04-04 11:10:57.516432 - Found T51REPL.rexx (text/plain) in SYS3.SPI.REXX, moved to REXX/T51REPL
2025-04-04 11:10:57.516547 - Found T51REPPW.rexx (text/plain) in SYS3.SPI.REXX, moved to REXX/T51REPPW
2025-04-04 11:10:57.516658 - Found T51RESET.rexx (text/plain) in SYS3.SPI.REXX, moved to REXX/T51RESET
2025-04-04 11:10:57.516795 - Found T51TSO.rexx (text/plain) in SYS3.SPI.REXX, moved to REXX/T51TSO
2025-04-04 11:10:57.516912 - Found T51TSSIM.rexx (text/plain) in SYS3.SPI.REXX, moved to REXX/T51TSSIM
2025-04-04 11:10:57.517022 - Found T51UNDEL.rexx (text/plain) in SYS3.SPI.REXX, moved to REXX/T51UNDEL
2025-04-04 11:10:57.517130 - Found T51USUS.rexx (text/plain) in SYS3.SPI.REXX, moved to REXX/T51USUS
2025-04-04 11:10:57.517248 - Found T52ADD.rexx (text/plain) in SYS3.SPI.REXX, moved to REXX/T52ADD
2025-04-04 11:10:57.517370 - Found T52ADDO.rexx (text/plain) in SYS3.SPI.REXX, moved to REXX/T52ADDO
2025-04-04 11:10:57.517494 - Found T52BCON.rexx (text/plain) in SYS3.SPI.REXX, moved to REXX/T52BCON
2025-04-04 11:10:57.517621 - Found T52BKUP.rexx (text/plain) in SYS3.SPI.REXX, moved to REXX/T52BKUP
2025-04-04 11:10:57.517888 - Found T52CADD.rexx (text/plain) in SYS3.SPI.REXX, moved to REXX/T52CADD
2025-04-04 11:10:57.518000 - Found T52CMDO.rexx (text/plain) in SYS3.SPI.REXX, moved to REXX/T52CMDO
2025-04-04 11:10:57.518129 - Found T52CON.rexx (text/plain) in SYS3.SPI.REXX, moved to REXX/T52CON
2025-04-04 11:10:57.518239 - Found T52DEL.rexx (text/plain) in SYS3.SPI.REXX, moved to REXX/T52DEL
2025-04-04 11:10:57.518354 - Found T52DELB.rexx (text/plain) in SYS3.SPI.REXX, moved to REXX/T52DELB
2025-04-04 11:10:57.518467 - Found T52DELO.rexx (text/plain) in SYS3.SPI.REXX, moved to REXX/T52DELO
2025-04-04 11:10:57.518589 - Found T52DISC.rexx (text/plain) in SYS3.SPI.REXX, moved to REXX/T52DISC
2025-04-04 11:10:57.518704 - Found T52DSNP.rexx (text/plain) in SYS3.SPI.REXX, moved to REXX/T52DSNP
2025-04-04 11:10:57.518818 - Found T52DSSIM.rexx (text/plain) in SYS3.SPI.REXX, moved to REXX/T52DSSIM
2025-04-04 11:10:57.518933 - Found T52FDIV.rexx (text/plain) in SYS3.SPI.REXX, moved to REXX/T52FDIV
2025-04-04 11:10:57.519041 - Found T52FLOC.rexx (text/plain) in SYS3.SPI.REXX, moved to REXX/T52FLOC
2025-04-04 11:10:57.519153 - Found T52GCMD.rexx (text/plain) in SYS3.SPI.REXX, moved to REXX/T52GCMD
2025-04-04 11:10:57.519263 - Found T52GDAT.rexx (text/plain) in SYS3.SPI.REXX, moved to REXX/T52GDAT
2025-04-04 11:10:57.519373 - Found T52GDEL.rexx (text/plain) in SYS3.SPI.REXX, moved to REXX/T52GDEL
2025-04-04 11:10:57.519485 - Found T52GREP.rexx (text/plain) in SYS3.SPI.REXX, moved to REXX/T52GREP
2025-04-04 11:10:57.519636 - Found T52ICOMO.rexx (text/plain) in SYS3.SPI.REXX, moved to REXX/T52ICOMO
2025-04-04 11:10:57.519777 - Found T52ICOMP.rexx (text/plain) in SYS3.SPI.REXX, moved to REXX/T52ICOMP
2025-04-04 11:10:57.519899 - Found T52IDAT.rexx (text/plain) in SYS3.SPI.REXX, moved to REXX/T52IDAT
2025-04-04 11:10:57.520012 - Found T52INS.rexx (text/plain) in SYS3.SPI.REXX, moved to REXX/T52INS
2025-04-04 11:10:57.520124 - Found T52JCARD.rexx (text/plain) in SYS3.SPI.REXX, moved to REXX/T52JCARD
2025-04-04 11:10:57.520236 - Found T52LISTP.rexx (text/plain) in SYS3.SPI.REXX, moved to REXX/T52LISTP
2025-04-04 11:10:57.520345 - Found T52LSTO.rexx (text/plain) in SYS3.SPI.REXX, moved to REXX/T52LSTO
2025-04-04 11:10:57.520460 - Found T52MAINT.rexx (text/plain) in SYS3.SPI.REXX, moved to REXX/T52MAINT
2025-04-04 11:10:57.520572 - Found T52PER.rexx (text/plain) in SYS3.SPI.REXX, moved to REXX/T52PER
2025-04-04 11:10:57.520682 - Found T52PMENU.rexx (text/plain) in SYS3.SPI.REXX, moved to REXX/T52PMENU
2025-04-04 11:10:57.520803 - Found T52PWHO.rexx (text/plain) in SYS3.SPI.REXX, moved to REXX/T52PWHO
2025-04-04 11:10:57.520918 - Found T52RENA.rexx (text/plain) in SYS3.SPI.REXX, moved to REXX/T52RENA
2025-04-04 11:10:57.521036 - Found T52REPL.rexx (text/plain) in SYS3.SPI.REXX, moved to REXX/T52REPL
2025-04-04 11:10:57.521153 - Found T52REPPW.rexx (text/plain) in SYS3.SPI.REXX, moved to REXX/T52REPPW
2025-04-04 11:10:57.521268 - Found T52RESET.rexx (text/plain) in SYS3.SPI.REXX, moved to REXX/T52RESET
2025-04-04 11:10:57.521392 - Found T52TSO.rexx (text/plain) in SYS3.SPI.REXX, moved to REXX/T52TSO
2025-04-04 11:10:57.521512 - Found T52TSSIM.rexx (text/plain) in SYS3.SPI.REXX, moved to REXX/T52TSSIM
2025-04-04 11:10:57.521626 - Found T52UNDEL.rexx (text/plain) in SYS3.SPI.REXX, moved to REXX/T52UNDEL
2025-04-04 11:10:57.521777 - Found T52USUS.rexx (text/plain) in SYS3.SPI.REXX, moved to REXX/T52USUS
2025-04-04 11:10:57.521936 - Found T53ADD.rexx (text/plain) in SYS3.SPI.REXX, moved to REXX/T53ADD
2025-04-04 11:10:57.522121 - Found T53ADDO.rexx (text/plain) in SYS3.SPI.REXX, moved to REXX/T53ADDO
2025-04-04 11:10:57.522288 - Found T53BCON.rexx (text/plain) in SYS3.SPI.REXX, moved to REXX/T53BCON
2025-04-04 11:10:57.522453 - Found T53BKUP.rexx (text/plain) in SYS3.SPI.REXX, moved to REXX/T53BKUP
2025-04-04 11:10:57.522666 - Found T53CADD.rexx (text/plain) in SYS3.SPI.REXX, moved to REXX/T53CADD
2025-04-04 11:10:57.522866 - Found T53CMDO.rexx (text/plain) in SYS3.SPI.REXX, moved to REXX/T53CMDO
2025-04-04 11:10:57.523235 - Found T53CON.rexx (text/plain) in SYS3.SPI.REXX, moved to REXX/T53CON
2025-04-04 11:10:57.523551 - Found T53DEL.rexx (text/plain) in SYS3.SPI.REXX, moved to REXX/T53DEL
2025-04-04 11:10:57.523713 - Found T53DELB.rexx (text/plain) in SYS3.SPI.REXX, moved to REXX/T53DELB
2025-04-04 11:10:57.523866 - Found T53DELO.rexx (text/plain) in SYS3.SPI.REXX, moved to REXX/T53DELO
2025-04-04 11:10:57.524016 - Found T53DISC.rexx (text/plain) in SYS3.SPI.REXX, moved to REXX/T53DISC
2025-04-04 11:10:57.524162 - Found T53DSNP.rexx (text/plain) in SYS3.SPI.REXX, moved to REXX/T53DSNP
2025-04-04 11:10:57.524316 - Found T53DSSIM.rexx (text/plain) in SYS3.SPI.REXX, moved to REXX/T53DSSIM
2025-04-04 11:10:57.524474 - Found T53FDIV.rexx (text/plain) in SYS3.SPI.REXX, moved to REXX/T53FDIV
2025-04-04 11:10:57.524632 - Found T53FLOC.rexx (text/plain) in SYS3.SPI.REXX, moved to REXX/T53FLOC
2025-04-04 11:10:57.524776 - Found T53GCMD.rexx (text/plain) in SYS3.SPI.REXX, moved to REXX/T53GCMD
2025-04-04 11:10:57.524914 - Found T53GDAT.rexx (text/plain) in SYS3.SPI.REXX, moved to REXX/T53GDAT
2025-04-04 11:10:57.525050 - Found T53GDEL.rexx (text/plain) in SYS3.SPI.REXX, moved to REXX/T53GDEL
2025-04-04 11:10:57.525193 - Found T53GREP.rexx (text/plain) in SYS3.SPI.REXX, moved to REXX/T53GREP
2025-04-04 11:10:57.525335 - Found T53ICOMO.rexx (text/plain) in SYS3.SPI.REXX, moved to REXX/T53ICOMO
2025-04-04 11:10:57.525488 - Found T53ICOMP.rexx (text/plain) in SYS3.SPI.REXX, moved to REXX/T53ICOMP
2025-04-04 11:10:57.525638 - Found T53IDAT.rexx (text/plain) in SYS3.SPI.REXX, moved to REXX/T53IDAT
2025-04-04 11:10:57.525770 - Found T53INS.rexx (text/plain) in SYS3.SPI.REXX, moved to REXX/T53INS
2025-04-04 11:10:57.525900 - Found T53JCARD.rexx (text/plain) in SYS3.SPI.REXX, moved to REXX/T53JCARD
2025-04-04 11:10:57.526032 - Found T53LISTP.rexx (text/plain) in SYS3.SPI.REXX, moved to REXX/T53LISTP
2025-04-04 11:10:57.526177 - Found T53LSTO.rexx (text/plain) in SYS3.SPI.REXX, moved to REXX/T53LSTO
2025-04-04 11:10:57.526313 - Found T53MAINT.rexx (text/plain) in SYS3.SPI.REXX, moved to REXX/T53MAINT
2025-04-04 11:10:57.526424 - Found T53PER.rexx (text/plain) in SYS3.SPI.REXX, moved to REXX/T53PER
2025-04-04 11:10:57.526538 - Found T53PMENU.rexx (text/plain) in SYS3.SPI.REXX, moved to REXX/T53PMENU
2025-04-04 11:10:57.526648 - Found T53PWHO.rexx (text/plain) in SYS3.SPI.REXX, moved to REXX/T53PWHO
2025-04-04 11:10:57.526763 - Found T53RENA.rexx (text/plain) in SYS3.SPI.REXX, moved to REXX/T53RENA
2025-04-04 11:10:57.526879 - Found T53REPL.rexx (text/plain) in SYS3.SPI.REXX, moved to REXX/T53REPL
2025-04-04 11:10:57.526990 - Found T53REPPW.rexx (text/plain) in SYS3.SPI.REXX, moved to REXX/T53REPPW
2025-04-04 11:10:57.527107 - Found T53RESET.rexx (text/plain) in SYS3.SPI.REXX, moved to REXX/T53RESET
2025-04-04 11:10:57.527248 - Found T53TSO.rexx (text/plain) in SYS3.SPI.REXX, moved to REXX/T53TSO
2025-04-04 11:10:57.527386 - Found T53TSSIM.rexx (text/plain) in SYS3.SPI.REXX, moved to REXX/T53TSSIM
2025-04-04 11:10:57.527844 - Found T53UNDEL.rexx (text/plain) in SYS3.SPI.REXX, moved to REXX/T53UNDEL
2025-04-04 11:10:57.527952 - Found T53USUS.rexx (text/plain) in SYS3.SPI.REXX, moved to REXX/T53USUS
2025-04-04 11:10:57.528074 - Found T54ICOMP.rexx (text/plain) in SYS3.SPI.REXX, moved to REXX/T54ICOMP
2025-04-04 11:10:57.528199 - Found T80ADD.rexx (text/plain) in SYS3.SPI.REXX, moved to REXX/T80ADD
2025-04-04 11:10:57.528324 - Found T80AEMS.rexx (text/plain) in SYS3.SPI.REXX, moved to REXX/T80AEMS
2025-04-04 11:10:57.528437 - Found T80CADD.rexx (text/plain) in SYS3.SPI.REXX, moved to REXX/T80CADD
2025-04-04 11:10:57.528557 - Found T80CMDO.rexx (text/plain) in SYS3.SPI.REXX, moved to REXX/T80CMDO
2025-04-04 11:10:57.528669 - Found T80DEL.rexx (text/plain) in SYS3.SPI.REXX, moved to REXX/T80DEL
2025-04-04 11:10:57.528788 - Found T80DELB.rexx (text/plain) in SYS3.SPI.REXX, moved to REXX/T80DELB
2025-04-04 11:10:57.528897 - Found T80DISC.rexx (text/plain) in SYS3.SPI.REXX, moved to REXX/T80DISC
2025-04-04 11:10:57.529011 - Found T80DSNP.rexx (text/plain) in SYS3.SPI.REXX, moved to REXX/T80DSNP
2025-04-04 11:10:57.529130 - Found T80FDIV.rexx (text/plain) in SYS3.SPI.REXX, moved to REXX/T80FDIV
2025-04-04 11:10:57.529238 - Found T80FLOC.rexx (text/plain) in SYS3.SPI.REXX, moved to REXX/T80FLOC
2025-04-04 11:10:57.529363 - Found T80GCMD.rexx (text/plain) in SYS3.SPI.REXX, moved to REXX/T80GCMD
2025-04-04 11:10:57.529474 - Found T80GDAT.rexx (text/plain) in SYS3.SPI.REXX, moved to REXX/T80GDAT
2025-04-04 11:10:57.529585 - Found T80GDEL.rexx (text/plain) in SYS3.SPI.REXX, moved to REXX/T80GDEL
2025-04-04 11:10:57.529712 - Found T80GREP.rexx (text/plain) in SYS3.SPI.REXX, moved to REXX/T80GREP
2025-04-04 11:10:57.529834 - Found T80ICOMP.rexx (text/plain) in SYS3.SPI.REXX, moved to REXX/T80ICOMP
2025-04-04 11:10:57.529952 - Found T80IDAT.rexx (text/plain) in SYS3.SPI.REXX, moved to REXX/T80IDAT
2025-04-04 11:10:57.530069 - Found T80INS.rexx (text/plain) in SYS3.SPI.REXX, moved to REXX/T80INS
2025-04-04 11:10:57.530201 - Found T80ISAVE.rexx (text/plain) in SYS3.SPI.REXX, moved to REXX/T80ISAVE
2025-04-04 11:10:57.530316 - Found T80JCARD.rexx (text/plain) in SYS3.SPI.REXX, moved to REXX/T80JCARD
2025-04-04 11:10:57.530451 - Found T80LISTP.rexx (text/plain) in SYS3.SPI.REXX, moved to REXX/T80LISTP
2025-04-04 11:10:57.530570 - Found T80LSTO.rexx (text/plain) in SYS3.SPI.REXX, moved to REXX/T80LSTO
2025-04-04 11:10:57.530697 - Found T80MAINT.rexx (text/plain) in SYS3.SPI.REXX, moved to REXX/T80MAINT
2025-04-04 11:10:57.530812 - Found T80PER.rexx (text/plain) in SYS3.SPI.REXX, moved to REXX/T80PER
2025-04-04 11:10:57.530928 - Found T80PMENU.rexx (text/plain) in SYS3.SPI.REXX, moved to REXX/T80PMENU
2025-04-04 11:10:57.531061 - Found T80PWHO.rexx (text/plain) in SYS3.SPI.REXX, moved to REXX/T80PWHO
2025-04-04 11:10:57.531180 - Found T80RENA.rexx (text/plain) in SYS3.SPI.REXX, moved to REXX/T80RENA
2025-04-04 11:10:57.531302 - Found T80REPL.rexx (text/plain) in SYS3.SPI.REXX, moved to REXX/T80REPL
2025-04-04 11:10:57.531443 - Found T80REPPW.rexx (text/plain) in SYS3.SPI.REXX, moved to REXX/T80REPPW
2025-04-04 11:10:57.531588 - Found T80RESET.rexx (text/plain) in SYS3.SPI.REXX, moved to REXX/T80RESET
2025-04-04 11:10:57.531718 - Found T80TSO.rexx (text/plain) in SYS3.SPI.REXX, moved to REXX/T80TSO
2025-04-04 11:10:57.531843 - Found T80TSSIM.rexx (text/plain) in SYS3.SPI.REXX, moved to REXX/T80TSSIM
2025-04-04 11:10:57.531957 - Found T80UNDEL.rexx (text/plain) in SYS3.SPI.REXX, moved to REXX/T80UNDEL
2025-04-04 11:10:57.532088 - Found T80USUS.rexx (text/plain) in SYS3.SPI.REXX, moved to REXX/T80USUS
2025-04-04 11:10:57.532212 - Found T90ADD.rexx (text/plain) in SYS3.SPI.REXX, moved to REXX/T90ADD
2025-04-04 11:10:57.543659 - Found SPICMDS.txt (text/plain) in CBT.V508.FILE526.PDS, moved to PDS/SPICMDS
2025-04-04 11:10:57.543787 - Found SPIINST.txt (text/plain) in CBT.V508.FILE526.PDS, moved to PDS/SPIINST
